build/app/outputs/mapping/release/seeds.txt
com.jafar.medi_track.MainActivity: MainActivity()
com.jafar.medi_track.MainActivity
...
androidx.window.java.layout.WindowInfoTrackerCallbackAdapter$addListener$1$1: java.lang.Object invoke(kotlinx.coroutines.CoroutineScope,kotlin.coroutines.Continuation)
com.dexterous.flutterlocalnotifications.models.BitmapSource: BitmapSource(java.lang.String,int)
kotlinx.coroutines.CancellableContinuationImpl: java.lang.Object _state
android.support.v4.media.AudioAttributesImplApi21Parcelizer
androidx.vectordrawable.graphics.drawable.VectorDrawableCompat$VPathRenderer: void setRootAlpha(int)
com.google.firestore.v1.BatchGetDocumentsRequest: com.google.protobuf.Parser PARSER
com.google.android.material.chip.Chip: float getChipStrokeWidth()
androidx.appcompat.widget.Toolbar: void setOnMenuItemClickListener(androidx.appcompat.widget.Toolbar$OnMenuItemClickListener)
com.google.firebase.firestore.proto.WriteBatch: com.google.protobuf.Parser PARSER
com.google.android.material.textfield.TextInputLayout: void setEndIconVisible(boolean)
com.google.firestore.v1.BatchGetDocumentsResponse: int READ_TIME_FIELD_NUMBER
io.flutter.plugin.editing.ImeSyncDeferringInsetsCallback$AnimationCallback: android.view.WindowInsets onProgress(android.view.WindowInsets,java.util.List)
io.flutter.embedding.engine.mutatorsstack.FlutterMutatorsStack: void pushClipRRect(int,int,int,int,float[])
com.google.firestore.v1.Target$QueryTarget: com.google.protobuf.Parser PARSER
androidx.appcompat.widget.AppCompatCheckedTextView
com.google.android.material.chip.Chip: float getCloseIconEndPadding()
androidx.appcompat.widget.Toolbar: androidx.appcompat.widget.ActionMenuPresenter getOuterActionMenuPresenter()
com.google.android.gms.auth.api.signin.GoogleSignInAccount: android.os.Parcelable$Creator CREATOR
com.google.android.material.transformation.TransformationChildCard
androidx.media.AudioAttributesImplApi26Parcelizer
com.google.firebase.auth.GithubAuthCredential: android.os.Parcelable$Creator CREATOR
com.google.android.material.internal.NavigationMenuItemView: void setTextColor(android.content.res.ColorStateList)
com.dexterous.flutterlocalnotifications.NotificationStyle: com.dexterous.flutterlocalnotifications.NotificationStyle Messaging
com.google.android.material.floatingactionbutton.FloatingActionButton: void setCompatPressedTranslationZ(float)
com.google.android.gms.internal.firebase-auth-api.zzrc: android.os.Parcelable$Creator CREATOR
io.flutter.embedding.engine.FlutterJNI: void nativeImageHeaderCallback(long,int,int)
io.flutter.embedding.engine.FlutterJNI: float refreshRateFPS
androidx.lifecycle.ReportFragment$LifecycleCallbacks: void onActivityPreStopped(android.app.Activity)
androidx.window.core.Bounds: int right
com.google.android.gms.internal.firebase-auth-api.zzji: int zzf
io.flutter.embedding.engine.FlutterJNI: void onFirstFrame()
com.google.android.material.textfield.TextInputLayout: void setStartIconTintMode(android.graphics.PorterDuff$Mode)
androidx.coordinatorlayout.widget.CoordinatorLayout$Behavior: CoordinatorLayout$Behavior(android.content.Context,android.util.AttributeSet)
com.google.firestore.v1.Document: com.google.protobuf.MapFieldLite fields_
androidx.window.embedding.SplitPlaceholderRule: androidx.window.embedding.SplitPlaceholderRule plus$window_release(androidx.window.embedding.ActivityFilter)
com.google.android.gms.internal.vision.zzfi$zze: java.lang.String zzj
com.google.android.gms.internal.firebase-auth-api.zzsa: android.os.Parcelable$Creator CREATOR
com.google.android.material.textfield.TextInputLayout: void setErrorContentDescription(java.lang.CharSequence)
androidx.vectordrawable.graphics.drawable.VectorDrawableCompat$VGroup: float getTranslateY()
com.google.firestore.v1.Target: int targetTypeCase_
kotlinx.coroutines.internal.AtomicOp: java.lang.Object _consensus
com.google.android.material.textfield.TextInputLayout: com.google.android.material.textfield.EndIconDelegate getEndIconDelegate()
com.google.android.gms.internal.vision.zzjb$zzc: com.google.android.gms.internal.vision.zziu zzc