build/app/outputs/mapping/release/mapping.txt
# compiler: R8
# compiler_version: 2.1.62
# min_api: 21
# pg_map_id: b7367fa
# common_typos_disable
...
com.google.android.gms.internal.firebase-auth-api.zzzn -> f.b.a.a.f.e.kt:
    java.lang.String zza -> g
    java.lang.String zzb -> f
    java.lang.String zzb() -> a
    com.google.android.gms.internal.firebase-auth-api.zzwf zza(java.lang.String) -> f
com.google.android.gms.internal.firebase-auth-api.zzzo -> f.b.a.a.f.e.lt:
    int zza -> f
    java.util.List zzb -> g
    com.google.android.gms.internal.firebase-auth-api.zzzo zza(com.google.android.gms.internal.firebase-auth-api.zzzo) -> v0
    java.util.List zzb() -> w0
com.google.android.gms.internal.firebase-auth-api.zzzp -> f.b.a.a.f.e.mt:
com.google.android.gms.internal.firebase-auth-api.zzzq -> f.b.a.a.f.e.nt:
    java.lang.String zzb -> g
    java.lang.String zza -> f
    boolean zzi -> n
    java.lang.String zzd -> i
    boolean zzj -> o
    java.lang.String zzc -> h
    java.lang.String zzf -> k
    java.lang.String zze -> j
    java.lang.String zzh -> m
    java.lang.String zzg -> l
    java.lang.String zzl -> q
    java.lang.String zzk -> p
    java.lang.String zzn -> s
    java.lang.String zzm -> r
    java.lang.String zzp -> u
    boolean zzo -> t
    java.lang.String zza() -> a
    com.google.android.gms.internal.firebase-auth-api.zzzq zzb(boolean) -> v0
    com.google.android.gms.internal.firebase-auth-api.zzzq zzc(java.lang.String) -> w0
    com.google.android.gms.internal.firebase-auth-api.zzzq zzd(boolean) -> x0
    com.google.android.gms.internal.firebase-auth-api.zzzq zze(boolean) -> y0
    com.google.android.gms.internal.firebase-auth-api.zzzq zzf(java.lang.String) -> z0
com.google.android.gms.internal.firebase-auth-api.zzzr -> f.b.a.a.f.e.ot:
com.google.android.gms.internal.firebase-auth-api.zzzs -> f.b.a.a.f.e.pt:
    java.lang.String zzc -> g
    boolean zzl -> m
    long zze -> i
    java.lang.String zzd -> h
    java.lang.String zzj -> k
    java.lang.String zzg -> j
    java.util.List zzs -> t
    java.lang.String zzk -> l
    java.lang.String zzn -> o
    java.lang.String zzm -> n
    java.lang.String zzp -> q
    java.lang.String zzo -> p
    java.lang.String zzr -> s
    java.lang.String zzq -> r
    java.lang.String zzt -> u
    java.lang.String zza -> v
    boolean zzb -> f
    long zzb() -> a
    com.google.firebase.auth.zze zzc() -> b
    java.lang.String zzd() -> c
    java.lang.String zze() -> d
    java.lang.String zzf() -> e
    com.google.android.gms.internal.firebase-auth-api.zzwf zza(java.lang.String) -> f
    java.lang.String zzg() -> g
    java.lang.String zzh() -> h
    java.lang.String zzi() -> i
    java.lang.String zzj() -> j
    java.lang.String zzk() -> k
    java.util.List zzl() -> l
    boolean zzm() -> m
    boolean zzn() -> n
    boolean zzo() -> o
    boolean zzp() -> p
com.google.android.gms.internal.firebase-auth-api.zzzt -> f.b.a.a.f.e.qt:
    java.lang.String zzb -> g
    java.lang.String zza -> f
    java.lang.String zza() -> a
com.google.android.gms.internal.firebase-auth-api.zzzu -> f.b.a.a.f.e.rt:
    java.lang.String zzc -> g
    java.lang.String zzb -> f
    boolean zze -> i
    java.lang.String zza -> j
    long zzd -> h
    com.google.android.gms.internal.firebase-auth-api.zzwf zza(java.lang.String) -> f
    long zzb() -> v0
    java.lang.String zzc() -> w0
    java.lang.String zzd() -> x0
    boolean zze() -> y0
com.google.android.gms.internal.firebase-auth-api.zzzv -> f.b.a.a.f.e.st:
com.google.android.gms.internal.firebase-auth-api.zzzw -> f.b.a.a.f.e.tt:
    java.lang.String zzb -> g
    java.lang.String zza -> f
    java.lang.String zzc -> h
    java.lang.String zza() -> a