build/app/outputs/mapping/release/usage.txt
com.jafar.medi_track.R$anim
com.jafar.medi_track.R$xml
com.jafar.medi_track.R$style
com.jafar.medi_track.R$mipmap
com.jafar.medi_track.R$string
com.jafar.medi_track.R$id
com.jafar.medi_track.R$attr
com.jafar.medi_track.R$bool
com.jafar.medi_track.R$styleable
com.jafar.medi_track.R$layout
com.jafar.medi_track.R
com.jafar.medi_track.R$drawable
com.jafar.medi_track.R$color
com.jafar.medi_track.R$interpolator
com.jafar.medi_track.R$integer
com.jafar.medi_track.R$animator
com.jafar.medi_track.R$plurals
com.jafar.medi_track.BuildConfig
com.jafar.medi_track.R$raw
com.jafar.medi_track.R$dimen
...
com.google.common.base.VerifyException:
    public void <init>()
    public void <init>(java.lang.Throwable)
com.google.api.Distribution$Exemplar$Builder
com.dexterous.flutterlocalnotifications.R$styleable
kotlin.SafePublicationLazyImpl
com.google.android.material.transition.FadeModeEvaluators$1
com.google.android.material.tabs.TabLayout$TabIndicatorGravity
androidx.core.location.LocationManagerCompat$PreRGnssStatusTransport$4
okio.package-info
com.google.common.collect.Tables$TransposeTable
io.flutter.plugins.flutter_plugin_android_lifecycle.R$attr
androidx.recyclerview.widget.PagerSnapHelper:
    private static final int MAX_SCROLL_ON_FLING_DURATION
com.google.android.gms.internal.firebase-auth-api.zzjy:
    static void <clinit>()
    static final synthetic int[] zza
org.threeten.bp.chrono.Ser:
    static java.lang.Object read(java.io.ObjectInput)
    private static final long serialVersionUID
    static final byte JAPANESE_DATE_TYPE
    static final byte JAPANESE_ERA_TYPE
    static final byte HIJRAH_DATE_TYPE
    static final byte HIJRAH_ERA_TYPE
    static final byte MINGUO_DATE_TYPE
    static final byte MINGUO_ERA_TYPE
    static final byte THAIBUDDHIST_DATE_TYPE
    static final byte THAIBUDDHIST_ERA_TYPE
    static final byte CHRONO_TYPE
    static final byte CHRONO_LOCALDATETIME_TYPE
    static final byte CHRONO_ZONEDDATETIME_TYPE
com.google.common.util.concurrent.CycleDetectingLockFactory$WithExplicitOrdering
com.google.common.graph.Traverser$InsertionOrder$2
com.squareup.okhttp.internal.framed.FramedConnection$6
androidx.core.database.sqlite.SQLiteCursorCompat
com.google.android.gms.internal.clearcut.zzge$zzh
com.google.common.collect.AbstractMultiset$EntrySet
androidx.legacy.v4.R$dimen
com.google.common.base.Suppliers$ThreadSafeSupplier
com.google.common.hash.LittleEndianByteArray$UnsafeByteArray$1
com.google.android.material.slider.BaseSlider$TooltipDrawableFactory
com.google.android.gms.internal.clearcut.zzge$zze$zza
com.google.android.material.internal.ContextUtils
kotlinx.coroutines.flow.FlowKt__EmittersKt$unsafeTransform$lambda-1$$inlined$collect$1$1
com.google.android.material.floatingactionbutton.FloatingActionButtonImplLollipop$AlwaysStatefulMaterialShapeDrawable
com.google.firestore.v1.BatchGetDocumentsRequest$ConsistencySelectorCase
com.google.firestore.v1.FirestoreGrpc$2
com.google.android.material.bottomsheet.BottomSheetDialogFragment$BottomSheetDismissCallback
com.google.common.collect.CompoundOrdering
kotlin.ranges.ULongRange
com.google.j2objc.annotations.Weak
com.google.rpc.Help$LinkOrBuilder
com.google.android.material.circularreveal.CircularRevealHelper$Strategy
com.squareup.okhttp.internal.RouteDatabase
com.google.common.collect.AbstractMapBasedMultimap
com.vanethos.notification_permissions.R$dimen
com.google.common.reflect.ClassPath$ClassInfo
com.google.common.collect.FluentIterable$3$1
kotlinx.coroutines.debug.internal.DebugCoroutineInfoImpl$creationStackTrace$1
com.google.firebase.firestore.auth.FirebaseAppCheckTokenProvider:
    private static final java.lang.String LOG_TAG
androidx.browser.customtabs.CustomTabsService$1
com.google.android.gms.common.internal.zam
com.dexterous.flutterlocalnotifications.R$attr
io.flutter.view.FlutterNativeView
androidx.transition.GhostViewUtils
com.google.protobuf.MapFieldSchemas:
    void <init>()
kotlinx.coroutines.flow.FlowKt__ErrorsKt$onErrorCollect$1
kotlinx.coroutines.DebugKt:
    public static final void resetCoroutineId()
    private static final void assert(kotlin.jvm.functions.Function0)
    public static final java.lang.String DEBUG_PROPERTY_NAME
    public static final java.lang.String STACKTRACE_RECOVERY_PROPERTY_NAME
    public static final java.lang.String DEBUG_PROPERTY_VALUE_AUTO
    public static final java.lang.String DEBUG_PROPERTY_VALUE_ON
    public static final java.lang.String DEBUG_PROPERTY_VALUE_OFF
com.google.android.gms.internal.vision.zzhp
com.google.android.gms.internal.safetynet.zzv
com.google.common.collect.Cut$1